<?xml version="1.0" encoding="UTF-8"?>
<!-- Generated by org.testng.reporters.JUnitReportReporter -->
<testsuite hostname="DESKTOP-HPTMOBD" failures="0" tests="3" name="pom.PayPal.API.com.TestPayPal" time="9.776" errors="0" timestamp="2023-04-24T10:21:59 IST" skipped="0">
  <testcase classname="pom.PayPal.API.com.TestPayPal" name="getAuthKey" time="6.539"/>
  <system-out/>
  <testcase classname="pom.PayPal.API.com.TestPayPal" name="CreateOrder" time="2.503"/>
  <system-out/>
  <testcase classname="pom.PayPal.API.com.TestPayPal" name="getOrder" time="0.734"/>
  <system-out/>
</testsuite> <!-- pom.PayPal.API.com.TestPayPal -->
