<?xml version="1.0" encoding="UTF-8"?>
<!-- Generated by org.testng.reporters.JUnitReportReporter -->
<testsuite hostname="DESKTOP-HPTMOBD" failures="0" tests="1" name="pom.PayPal.API.com.CreateOrderTest" time="1.816" errors="0" timestamp="2023-04-24T10:21:59 IST" skipped="0">
  <testcase classname="pom.PayPal.API.com.CreateOrderTest" name="createOrder" time="1.816"/>
  <system-out/>
</testsuite> <!-- pom.PayPal.API.com.CreateOrderTest -->
